[0m2021.11.19 17:15:00 INFO  Started: Metals version 0.10.9 in workspace 'D:\My C and Python Projects\Repos\DAA\DAA_Lab' for client Visual Studio Code 1.62.3.[0m
[0m2021.11.19 17:15:00 INFO  time: initialize in 0.54s[0m
[0m2021.11.19 17:15:01 WARN  Build server is not auto-connectable.[0m
[0m2021.11.19 17:15:01 WARN  no build tool detected in workspace 'D:\My C and Python Projects\Repos\DAA\DAA_Lab'. The most common cause for this problem is that the editor was opened in the wrong working directory, for example if you use sbt then the workspace directory should contain build.sbt. [0m
Nov 19, 2021 5:15:41 PM org.eclipse.lsp4j.jsonrpc.services.GenericEndpoint notify
INFO: Unsupported notification method: $/setTrace
Nov 19, 2021 5:16:20 PM org.eclipse.lsp4j.jsonrpc.services.GenericEndpoint notify
INFO: Unsupported notification method: $/setTrace
Nov 19, 2021 6:00:10 PM org.eclipse.lsp4j.jsonrpc.services.GenericEndpoint notify
INFO: Unsupported notification method: $/setTrace
Nov 19, 2021 6:05:44 PM org.eclipse.lsp4j.jsonrpc.services.GenericEndpoint notify
INFO: Unsupported notification method: $/setTrace
Nov 19, 2021 6:16:08 PM org.eclipse.lsp4j.jsonrpc.services.GenericEndpoint notify
INFO: Unsupported notification method: $/setTrace
Nov 19, 2021 8:24:27 PM org.eclipse.lsp4j.jsonrpc.services.GenericEndpoint notify
INFO: Unsupported notification method: $/setTrace
Nov 19, 2021 10:52:23 PM org.eclipse.lsp4j.jsonrpc.services.GenericEndpoint notify
INFO: Unsupported notification method: $/setTrace
[0m2021.11.19 23:23:17 INFO  shutting down Metals[0m
[0m2021.11.20 15:39:35 INFO  Started: Metals version 0.10.9 in workspace 'D:\My C and Python Projects\Repos\DAA\DAA_Lab' for client Visual Studio Code 1.62.3.[0m
[0m2021.11.20 15:39:36 INFO  time: initialize in 0.57s[0m
[0m2021.11.20 15:39:41 WARN  Build server is not auto-connectable.[0m
[0m2021.11.20 15:39:41 WARN  no build tool detected in workspace 'D:\My C and Python Projects\Repos\DAA\DAA_Lab'. The most common cause for this problem is that the editor was opened in the wrong working directory, for example if you use sbt then the workspace directory should contain build.sbt. [0m
[0m2021.11.20 15:47:54 INFO  shutting down Metals[0m
